2023-01-27 00:29:34 [development] info: Method:GET URL:/api/admin/products 
2023-01-27 00:29:34 [development] error: UnauthorizedError: jwt expired
    at new UnauthorizedError (D:\Project_Practice\Foody\foody\node_modules\express-jwt\dist\errors\UnauthorizedError.js:22:28)
    at D:\Project_Practice\Foody\foody\node_modules\express-jwt\dist\index.js:133:35
    at step (D:\Project_Practice\Foody\foody\node_modules\express-jwt\dist\index.js:33:23)
    at Object.next (D:\Project_Practice\Foody\foody\node_modules\express-jwt\dist\index.js:14:53)
    at fulfilled (D:\Project_Practice\Foody\foody\node_modules\express-jwt\dist\index.js:5:58)
    at runMicrotasks (<anonymous>)
    at processTicksAndRejections (node:internal/process/task_queues:96:5)
2023-01-27 00:29:34 [development] info: Method:GET URL:/api/auth/refresh 
2023-01-27 00:29:34 [development] info: Method:GET URL:/api/admin/products 
2023-01-27 12:07:25 [development] info: Method:DELETE URL:/api/admin/products/63cc41315f688928a4a0a44d 
2023-01-27 12:07:25 [development] error: UnauthorizedError: jwt expired
    at new UnauthorizedError (D:\Project_Practice\Foody\foody\node_modules\express-jwt\dist\errors\UnauthorizedError.js:22:28)
    at D:\Project_Practice\Foody\foody\node_modules\express-jwt\dist\index.js:133:35
    at step (D:\Project_Practice\Foody\foody\node_modules\express-jwt\dist\index.js:33:23)
    at Object.next (D:\Project_Practice\Foody\foody\node_modules\express-jwt\dist\index.js:14:53)
    at fulfilled (D:\Project_Practice\Foody\foody\node_modules\express-jwt\dist\index.js:5:58)
    at processTicksAndRejections (node:internal/process/task_queues:96:5)
2023-01-27 12:07:25 [development] info: Method:GET URL:/api/auth/refresh 
2023-01-27 12:07:26 [development] info: Method:DELETE URL:/api/admin/products/63cc41315f688928a4a0a44d 
2023-01-27 12:07:33 [development] info: Method:GET URL:/api/admin/products 
2023-01-27 12:07:33 [development] error: UnauthorizedError: jwt expired
    at new UnauthorizedError (D:\Project_Practice\Foody\foody\node_modules\express-jwt\dist\errors\UnauthorizedError.js:22:28)
    at D:\Project_Practice\Foody\foody\node_modules\express-jwt\dist\index.js:133:35
    at step (D:\Project_Practice\Foody\foody\node_modules\express-jwt\dist\index.js:33:23)
    at Object.next (D:\Project_Practice\Foody\foody\node_modules\express-jwt\dist\index.js:14:53)
    at fulfilled (D:\Project_Practice\Foody\foody\node_modules\express-jwt\dist\index.js:5:58)
    at runMicrotasks (<anonymous>)
    at processTicksAndRejections (node:internal/process/task_queues:96:5)
2023-01-27 12:07:33 [development] info: Method:GET URL:/api/auth/refresh 
2023-01-27 12:07:33 [development] info: Method:GET URL:/api/admin/products 
2023-01-27 12:07:54 [development] info: Method:POST URL:/api/admin/signature 
2023-01-27 12:08:11 [development] info: Method:POST URL:/api/admin/products 
2023-01-27 12:08:11 [development] error: ValidationError: sizeWisePrice[0].price must be a `number` type, but the final value was: `null`.
 If "null" is intended as an empty value be sure to mark the schema as `.nullable()`
    at finishTestRun (D:\Project_Practice\Foody\foody\node_modules\yup\lib\util\runTests.js:63:20)
    at D:\Project_Practice\Foody\foody\node_modules\yup\lib\util\runTests.js:17:5
    at finishTestRun (D:\Project_Practice\Foody\foody\node_modules\yup\lib\util\runTests.js:63:11)
    at D:\Project_Practice\Foody\foody\node_modules\yup\lib\util\runTests.js:17:5
    at finishTestRun (D:\Project_Practice\Foody\foody\node_modules\yup\lib\util\runTests.js:63:11)
    at D:\Project_Practice\Foody\foody\node_modules\yup\lib\util\runTests.js:17:5
    at finishTestRun (D:\Project_Practice\Foody\foody\node_modules\yup\lib\util\runTests.js:67:9)
    at D:\Project_Practice\Foody\foody\node_modules\yup\lib\util\createValidation.js:72:127
    at runMicrotasks (<anonymous>)
    at processTicksAndRejections (node:internal/process/task_queues:96:5)
2023-01-27 12:08:11 [development] info: Method:GET URL:/api/admin/products 
2023-01-27 12:08:15 [development] info: Method:GET URL:/api/admin/products 
2023-01-27 12:08:15 [development] error: UnauthorizedError: jwt expired
    at new UnauthorizedError (D:\Project_Practice\Foody\foody\node_modules\express-jwt\dist\errors\UnauthorizedError.js:22:28)
    at D:\Project_Practice\Foody\foody\node_modules\express-jwt\dist\index.js:133:35
    at step (D:\Project_Practice\Foody\foody\node_modules\express-jwt\dist\index.js:33:23)
    at Object.next (D:\Project_Practice\Foody\foody\node_modules\express-jwt\dist\index.js:14:53)
    at fulfilled (D:\Project_Practice\Foody\foody\node_modules\express-jwt\dist\index.js:5:58)
    at runMicrotasks (<anonymous>)
    at processTicksAndRejections (node:internal/process/task_queues:96:5)
2023-01-27 12:08:15 [development] info: Method:GET URL:/api/auth/refresh 
2023-01-27 12:08:16 [development] info: Method:GET URL:/api/admin/products 
2023-01-27 12:08:48 [development] info: Method:POST URL:/api/admin/signature 
2023-01-27 12:09:08 [development] info: Method:POST URL:/api/admin/products 
2023-01-27 12:09:08 [development] info: Method:GET URL:/api/admin/products 
2023-01-27 12:22:32 [development] info: Method:DELETE URL:/api/admin/products/63d36a84319eb4b91a0c8403 
2023-01-27 12:22:39 [development] info: Method:GET URL:/api/admin/products 
2023-01-27 12:22:39 [development] error: UnauthorizedError: jwt expired
    at new UnauthorizedError (D:\Project_Practice\Foody\foody\node_modules\express-jwt\dist\errors\UnauthorizedError.js:22:28)
    at D:\Project_Practice\Foody\foody\node_modules\express-jwt\dist\index.js:133:35
    at step (D:\Project_Practice\Foody\foody\node_modules\express-jwt\dist\index.js:33:23)
    at Object.next (D:\Project_Practice\Foody\foody\node_modules\express-jwt\dist\index.js:14:53)
    at fulfilled (D:\Project_Practice\Foody\foody\node_modules\express-jwt\dist\index.js:5:58)
    at runMicrotasks (<anonymous>)
    at processTicksAndRejections (node:internal/process/task_queues:96:5)
2023-01-27 12:22:39 [development] info: Method:GET URL:/api/auth/refresh 
2023-01-27 12:22:39 [development] info: Method:GET URL:/api/admin/products 
2023-01-27 12:22:52 [development] info: Method:POST URL:/api/admin/signature 
2023-01-27 12:23:03 [development] info: Method:POST URL:/api/admin/products 
2023-01-27 12:23:03 [development] info: Method:GET URL:/api/admin/products 
2023-01-27 12:26:23 [development] info: Method:POST URL:/api/admin/products 
2023-01-27 12:26:23 [development] error: ValidationError: 3 errors occurred
    at finishTestRun (D:\Project_Practice\Foody\foody\node_modules\yup\lib\util\runTests.js:63:20)
    at D:\Project_Practice\Foody\foody\node_modules\yup\lib\util\runTests.js:17:5
    at finishTestRun (D:\Project_Practice\Foody\foody\node_modules\yup\lib\util\runTests.js:63:11)
    at D:\Project_Practice\Foody\foody\node_modules\yup\lib\util\runTests.js:17:5
    at finishTestRun (D:\Project_Practice\Foody\foody\node_modules\yup\lib\util\runTests.js:63:11)
    at D:\Project_Practice\Foody\foody\node_modules\yup\lib\util\runTests.js:17:5
    at finishTestRun (D:\Project_Practice\Foody\foody\node_modules\yup\lib\util\runTests.js:63:11)
    at D:\Project_Practice\Foody\foody\node_modules\yup\lib\util\createValidation.js:72:104
    at processTicksAndRejections (node:internal/process/task_queues:96:5)
2023-01-27 12:26:23 [development] info: Method:GET URL:/api/admin/products 
2023-01-27 12:26:50 [development] info: Method:GET URL:/api/admin/products 
2023-01-27 12:26:50 [development] error: UnauthorizedError: jwt expired
    at new UnauthorizedError (D:\Project_Practice\Foody\foody\node_modules\express-jwt\dist\errors\UnauthorizedError.js:22:28)
    at D:\Project_Practice\Foody\foody\node_modules\express-jwt\dist\index.js:133:35
    at step (D:\Project_Practice\Foody\foody\node_modules\express-jwt\dist\index.js:33:23)
    at Object.next (D:\Project_Practice\Foody\foody\node_modules\express-jwt\dist\index.js:14:53)
    at fulfilled (D:\Project_Practice\Foody\foody\node_modules\express-jwt\dist\index.js:5:58)
    at runMicrotasks (<anonymous>)
    at processTicksAndRejections (node:internal/process/task_queues:96:5)
2023-01-27 12:26:50 [development] info: Method:GET URL:/api/auth/refresh 
2023-01-27 12:26:51 [development] info: Method:GET URL:/api/admin/products 
2023-01-27 12:27:19 [development] info: Method:POST URL:/api/admin/products 
2023-01-27 12:27:19 [development] error: ValidationError: 2 errors occurred
    at finishTestRun (D:\Project_Practice\Foody\foody\node_modules\yup\lib\util\runTests.js:63:20)
    at D:\Project_Practice\Foody\foody\node_modules\yup\lib\util\runTests.js:17:5
    at finishTestRun (D:\Project_Practice\Foody\foody\node_modules\yup\lib\util\runTests.js:67:9)
    at D:\Project_Practice\Foody\foody\node_modules\yup\lib\util\runTests.js:17:5
    at finishTestRun (D:\Project_Practice\Foody\foody\node_modules\yup\lib\util\runTests.js:67:9)
    at D:\Project_Practice\Foody\foody\node_modules\yup\lib\util\runTests.js:17:5
    at finishTestRun (D:\Project_Practice\Foody\foody\node_modules\yup\lib\util\runTests.js:67:9)
    at D:\Project_Practice\Foody\foody\node_modules\yup\lib\util\createValidation.js:72:127
    at runMicrotasks (<anonymous>)
    at processTicksAndRejections (node:internal/process/task_queues:96:5)
2023-01-27 12:27:19 [development] info: Method:GET URL:/api/admin/products 
2023-01-27 12:27:50 [development] info: Method:POST URL:/api/admin/signature 
2023-01-27 12:28:04 [development] info: Method:POST URL:/api/admin/products 
2023-01-27 12:28:04 [development] info: Method:GET URL:/api/admin/products 
2023-01-27 21:05:33 [development] info: Method:GET URL:/api/admin/products?product-name=[object%20Object] 
2023-01-27 21:05:33 [development] error: UnauthorizedError: jwt expired
    at new UnauthorizedError (D:\Project_Practice\Foody\foody\node_modules\express-jwt\dist\errors\UnauthorizedError.js:22:28)
    at D:\Project_Practice\Foody\foody\node_modules\express-jwt\dist\index.js:133:35
    at step (D:\Project_Practice\Foody\foody\node_modules\express-jwt\dist\index.js:33:23)
    at Object.next (D:\Project_Practice\Foody\foody\node_modules\express-jwt\dist\index.js:14:53)
    at fulfilled (D:\Project_Practice\Foody\foody\node_modules\express-jwt\dist\index.js:5:58)
    at processTicksAndRejections (node:internal/process/task_queues:96:5)
2023-01-27 21:05:34 [development] info: Method:GET URL:/api/auth/refresh 
2023-01-27 21:05:35 [development] info: Method:GET URL:/api/admin/products?product-name=[object%20Object] 
2023-01-27 21:07:06 [development] info: Method:GET URL:/api/admin/products?product-name=[object%20Object] 
2023-01-27 21:07:44 [development] info: Method:GET URL:/api/admin/products?product-name=[object%20Object] 
2023-01-27 21:09:52 [development] info: Method:GET URL:/api/admin/products?product-name=[object%20Object] 
2023-01-27 21:11:13 [development] info: Method:GET URL:/api/admin/products?product-name=burgerfsfsfdf 
2023-01-27 21:11:31 [development] info: Method:GET URL:/api/admin/products?product-name=burgerfsfsfdfdfsdf 
2023-01-27 21:14:29 [development] info: Method:GET URL:/api/admin/products 
2023-01-27 21:14:29 [development] error: UnauthorizedError: jwt expired
    at new UnauthorizedError (D:\Project_Practice\Foody\foody\node_modules\express-jwt\dist\errors\UnauthorizedError.js:22:28)
    at D:\Project_Practice\Foody\foody\node_modules\express-jwt\dist\index.js:133:35
    at step (D:\Project_Practice\Foody\foody\node_modules\express-jwt\dist\index.js:33:23)
    at Object.next (D:\Project_Practice\Foody\foody\node_modules\express-jwt\dist\index.js:14:53)
    at fulfilled (D:\Project_Practice\Foody\foody\node_modules\express-jwt\dist\index.js:5:58)
    at runMicrotasks (<anonymous>)
    at processTicksAndRejections (node:internal/process/task_queues:96:5)
2023-01-27 21:14:29 [development] info: Method:GET URL:/api/auth/refresh 
2023-01-27 21:14:29 [development] info: Method:GET URL:/api/admin/products 
2023-01-27 21:14:37 [development] info: Method:GET URL:/api/admin/products?productName=fsafdsf 
2023-01-27 21:16:06 [development] info: Method:GET URL:/api/admin/products?productName=fsafdsfdasfsaf 
2023-01-27 21:16:21 [development] info: Method:GET URL:/api/admin/products?productName=Saidul 
2023-01-27 21:17:37 [development] info: Method:GET URL:/api/admin/products?productName=Saidul%20Islam 
2023-01-27 21:26:30 [development] info: Method:GET URL:/api/admin/products?productName=asddadfad 
2023-01-27 21:27:12 [development] info: Method:GET URL:/api/admin/products?productName=Classic%20Margherita%20Pizza 
2023-01-27 21:27:33 [development] info: Method:GET URL:/api/admin/products 
2023-01-27 21:27:33 [development] error: UnauthorizedError: jwt expired
    at new UnauthorizedError (D:\Project_Practice\Foody\foody\node_modules\express-jwt\dist\errors\UnauthorizedError.js:22:28)
    at D:\Project_Practice\Foody\foody\node_modules\express-jwt\dist\index.js:133:35
    at step (D:\Project_Practice\Foody\foody\node_modules\express-jwt\dist\index.js:33:23)
    at Object.next (D:\Project_Practice\Foody\foody\node_modules\express-jwt\dist\index.js:14:53)
    at fulfilled (D:\Project_Practice\Foody\foody\node_modules\express-jwt\dist\index.js:5:58)
    at runMicrotasks (<anonymous>)
    at processTicksAndRejections (node:internal/process/task_queues:96:5)
2023-01-27 21:27:34 [development] info: Method:GET URL:/api/auth/refresh 
2023-01-27 21:27:34 [development] info: Method:GET URL:/api/admin/products 
2023-01-27 21:28:32 [development] info: Method:GET URL:/api/admin/products 
2023-01-27 21:28:32 [development] error: UnauthorizedError: jwt expired
    at new UnauthorizedError (D:\Project_Practice\Foody\foody\node_modules\express-jwt\dist\errors\UnauthorizedError.js:22:28)
    at D:\Project_Practice\Foody\foody\node_modules\express-jwt\dist\index.js:133:35
    at step (D:\Project_Practice\Foody\foody\node_modules\express-jwt\dist\index.js:33:23)
    at Object.next (D:\Project_Practice\Foody\foody\node_modules\express-jwt\dist\index.js:14:53)
    at fulfilled (D:\Project_Practice\Foody\foody\node_modules\express-jwt\dist\index.js:5:58)
    at runMicrotasks (<anonymous>)
    at processTicksAndRejections (node:internal/process/task_queues:96:5)
2023-01-27 21:28:32 [development] info: Method:GET URL:/api/auth/refresh 
2023-01-27 21:28:32 [development] info: Method:GET URL:/api/admin/products 
2023-01-27 21:29:07 [development] info: Method:GET URL:/api/admin/products 
2023-01-27 21:29:07 [development] error: UnauthorizedError: jwt expired
    at new UnauthorizedError (D:\Project_Practice\Foody\foody\node_modules\express-jwt\dist\errors\UnauthorizedError.js:22:28)
    at D:\Project_Practice\Foody\foody\node_modules\express-jwt\dist\index.js:133:35
    at step (D:\Project_Practice\Foody\foody\node_modules\express-jwt\dist\index.js:33:23)
    at Object.next (D:\Project_Practice\Foody\foody\node_modules\express-jwt\dist\index.js:14:53)
    at fulfilled (D:\Project_Practice\Foody\foody\node_modules\express-jwt\dist\index.js:5:58)
    at runMicrotasks (<anonymous>)
    at processTicksAndRejections (node:internal/process/task_queues:96:5)
2023-01-27 21:29:08 [development] info: Method:GET URL:/api/auth/refresh 
2023-01-27 21:29:11 [development] info: Method:GET URL:/api/admin/products 
2023-01-27 21:30:50 [development] info: Method:GET URL:/api/admin/products 
2023-01-27 21:30:50 [development] error: UnauthorizedError: jwt expired
    at new UnauthorizedError (D:\Project_Practice\Foody\foody\node_modules\express-jwt\dist\errors\UnauthorizedError.js:22:28)
    at D:\Project_Practice\Foody\foody\node_modules\express-jwt\dist\index.js:133:35
    at step (D:\Project_Practice\Foody\foody\node_modules\express-jwt\dist\index.js:33:23)
    at Object.next (D:\Project_Practice\Foody\foody\node_modules\express-jwt\dist\index.js:14:53)
    at fulfilled (D:\Project_Practice\Foody\foody\node_modules\express-jwt\dist\index.js:5:58)
    at runMicrotasks (<anonymous>)
    at processTicksAndRejections (node:internal/process/task_queues:96:5)
2023-01-27 21:30:50 [development] info: Method:GET URL:/api/auth/refresh 
2023-01-27 21:30:50 [development] info: Method:GET URL:/api/admin/products 
2023-01-27 21:31:01 [development] info: Method:GET URL:/api/admin/products?productName=fsdfsdf 
2023-01-27 21:32:20 [development] info: Method:GET URL:/api/admin/products?productName=fasfdsa 
2023-01-27 21:32:31 [development] info: Method:GET URL:/api/admin/products?productName=product 
2023-01-27 21:32:36 [development] info: Method:GET URL:/api/admin/products?productName=Classic%20Margherita%20Pizza 
2023-01-27 21:34:38 [development] info: Method:GET URL:/api/admin/products?productName=Classic%20Margherita 
2023-01-27 21:34:48 [development] info: Method:GET URL:/api/admin/products?productName=Classic%20Margherita 
2023-01-27 21:36:41 [development] info: Method:GET URL:/api/admin/products?productName=Classic%20Margherita%20Pizza 
