2023-01-07 12:04:14 [development] info: Method:GET URL:/api/admin/orders 
2023-01-07 12:04:14 [development] error: UnauthorizedError: jwt expired
    at new UnauthorizedError (C:\Users\Shiblee\Desktop\Project_Pracgtice\Foody\foody\node_modules\express-jwt\dist\errors\UnauthorizedError.js:22:28)
    at C:\Users\Shiblee\Desktop\Project_Pracgtice\Foody\foody\node_modules\express-jwt\dist\index.js:133:35
    at step (C:\Users\Shiblee\Desktop\Project_Pracgtice\Foody\foody\node_modules\express-jwt\dist\index.js:33:23)
    at Object.next (C:\Users\Shiblee\Desktop\Project_Pracgtice\Foody\foody\node_modules\express-jwt\dist\index.js:14:53)
    at fulfilled (C:\Users\Shiblee\Desktop\Project_Pracgtice\Foody\foody\node_modules\express-jwt\dist\index.js:5:58)
    at runMicrotasks (<anonymous>)
    at processTicksAndRejections (node:internal/process/task_queues:96:5)
2023-01-07 12:04:15 [development] info: Method:GET URL:/api/auth/refresh 
2023-01-07 12:04:15 [development] error: UnauthorizedError: Request with no or wrong refresh token
    at Object.refresh [as get] (webpack-internal:///(api)/./pages/api/auth/refresh.js:27:65)
    at processTicksAndRejections (node:internal/process/task_queues:96:5)
    at async eval (webpack-internal:///(api)/./utils/api/api-handler.js:36:13)
    at async Object.apiResolver (C:\Users\Shiblee\Desktop\Project_Pracgtice\Foody\foody\node_modules\next\dist\server\api-utils\node.js:367:9)
    at async DevServer.runApi (C:\Users\Shiblee\Desktop\Project_Pracgtice\Foody\foody\node_modules\next\dist\server\next-server.js:474:9)
    at async Object.fn (C:\Users\Shiblee\Desktop\Project_Pracgtice\Foody\foody\node_modules\next\dist\server\next-server.js:736:37)
    at async Router.execute (C:\Users\Shiblee\Desktop\Project_Pracgtice\Foody\foody\node_modules\next\dist\server\router.js:252:36)
    at async DevServer.run (C:\Users\Shiblee\Desktop\Project_Pracgtice\Foody\foody\node_modules\next\dist\server\base-server.js:381:29)
    at async DevServer.run (C:\Users\Shiblee\Desktop\Project_Pracgtice\Foody\foody\node_modules\next\dist\server\dev\next-dev-server.js:724:20)
    at async DevServer.handleRequest (C:\Users\Shiblee\Desktop\Project_Pracgtice\Foody\foody\node_modules\next\dist\server\base-server.js:319:20)
2023-01-07 12:04:21 [development] info: Method:POST URL:/api/auth/login 
2023-01-07 12:04:21 [development] error: ValidationError: email must be a valid email
    at finishTestRun (C:\Users\Shiblee\Desktop\Project_Pracgtice\Foody\foody\node_modules\yup\lib\util\runTests.js:63:20)
    at C:\Users\Shiblee\Desktop\Project_Pracgtice\Foody\foody\node_modules\yup\lib\util\runTests.js:17:5
    at finishTestRun (C:\Users\Shiblee\Desktop\Project_Pracgtice\Foody\foody\node_modules\yup\lib\util\runTests.js:63:11)
    at C:\Users\Shiblee\Desktop\Project_Pracgtice\Foody\foody\node_modules\yup\lib\util\createValidation.js:72:127
    at processTicksAndRejections (node:internal/process/task_queues:96:5)
2023-01-07 12:04:28 [development] info: Method:POST URL:/api/auth/login 
2023-01-07 12:04:29 [development] info: Method:GET URL:/api/admin/orders 
2023-01-07 12:04:33 [development] info: Method:GET URL:/api/admin/products 
2023-01-07 12:05:29 [development] info: Method:GET URL:/api/admin/products 
2023-01-07 12:06:40 [development] info: Method:GET URL:/api/admin/products 
2023-01-07 12:11:13 [development] info: Method:GET URL:/api/admin/products 
2023-01-07 12:14:21 [development] info: Method:GET URL:/api/admin/products 
2023-01-07 12:14:30 [development] info: Method:DELETE URL:/api/admin/products/63b73850e98ba05e4b74896c 
2023-01-07 12:14:38 [development] info: Method:GET URL:/api/admin/products 
2023-01-07 12:17:20 [development] info: Method:POST URL:/api/admin/products 
2023-01-07 12:17:20 [development] error: ValidationError: 2 errors occurred
    at finishTestRun (C:\Users\Shiblee\Desktop\Project_Pracgtice\Foody\foody\node_modules\yup\lib\util\runTests.js:63:20)
    at C:\Users\Shiblee\Desktop\Project_Pracgtice\Foody\foody\node_modules\yup\lib\util\runTests.js:17:5
    at finishTestRun (C:\Users\Shiblee\Desktop\Project_Pracgtice\Foody\foody\node_modules\yup\lib\util\runTests.js:67:9)
    at C:\Users\Shiblee\Desktop\Project_Pracgtice\Foody\foody\node_modules\yup\lib\util\runTests.js:17:5
    at finishTestRun (C:\Users\Shiblee\Desktop\Project_Pracgtice\Foody\foody\node_modules\yup\lib\util\runTests.js:67:9)
    at C:\Users\Shiblee\Desktop\Project_Pracgtice\Foody\foody\node_modules\yup\lib\util\runTests.js:17:5
    at finishTestRun (C:\Users\Shiblee\Desktop\Project_Pracgtice\Foody\foody\node_modules\yup\lib\util\runTests.js:67:9)
    at C:\Users\Shiblee\Desktop\Project_Pracgtice\Foody\foody\node_modules\yup\lib\util\createValidation.js:72:127
    at processTicksAndRejections (node:internal/process/task_queues:96:5)
2023-01-07 12:19:56 [development] info: Method:POST URL:/api/admin/signature 
2023-01-07 12:20:34 [development] info: Method:POST URL:/api/admin/products 
2023-01-07 12:20:53 [development] info: Method:GET URL:/api/admin/products 
2023-01-07 12:22:35 [development] info: Method:DELETE URL:/api/admin/products/63b90f32d37ef94cf0c84c48 
2023-01-07 12:22:41 [development] info: Method:GET URL:/api/admin/products 
2023-01-07 12:22:47 [development] info: Method:GET URL:/api/admin/products 
2023-01-07 12:23:27 [development] info: Method:POST URL:/api/admin/signature 
2023-01-07 12:23:38 [development] info: Method:POST URL:/api/admin/products 
2023-01-07 12:23:46 [development] info: Method:GET URL:/api/admin/products 
2023-01-07 12:28:21 [development] info: Method:DELETE URL:/api/admin/products/63b90fead37ef94cf0c84c4e 
2023-01-07 12:28:28 [development] info: Method:GET URL:/api/admin/products 
2023-01-07 12:28:44 [development] info: Method:POST URL:/api/admin/signature 
2023-01-07 12:28:59 [development] info: Method:POST URL:/api/admin/products 
2023-01-07 12:29:00 [development] info: Method:GET URL:/api/admin/products 
2023-01-07 12:37:32 [development] info: Method:GET URL:/api/admin/products 
2023-01-07 12:38:03 [development] info: Method:GET URL:/api/admin/products 
2023-01-07 12:38:12 [development] info: Method:GET URL:/api/admin/products 
2023-01-07 12:39:21 [development] info: Method:GET URL:/api/admin/products 
2023-01-07 12:40:13 [development] info: Method:GET URL:/api/admin/products 
2023-01-07 12:40:35 [development] info: Method:GET URL:/api/admin/products 
2023-01-07 12:43:55 [development] info: Method:GET URL:/api/admin/products 
