2023-02-06 10:29:09 [development] info: Method:GET URL:/api/customer/private/orders/63921a0334657d1b06dad057 
2023-02-06 10:29:09 [development] info: Method:GET URL:/api/customer/private/orders/63921a0334657d1b06dad057 
2023-02-06 10:29:10 [development] error: UnauthorizedError: You are not authorized to view this page.
    at Object.getOrders [as get] (webpack-internal:///(api)/./pages/api/customer/private/orders/[id].js:36:69)
    at processTicksAndRejections (node:internal/process/task_queues:96:5)
    at async eval (webpack-internal:///(api)/./utils/api/api-handler.js:36:13)
    at async Object.apiResolver (D:\Project_Practice\Foody\foody\node_modules\next\dist\server\api-utils\node.js:367:9)
    at async DevServer.runApi (D:\Project_Practice\Foody\foody\node_modules\next\dist\server\next-server.js:474:9)
    at async Object.fn (D:\Project_Practice\Foody\foody\node_modules\next\dist\server\next-server.js:736:37)
    at async Router.execute (D:\Project_Practice\Foody\foody\node_modules\next\dist\server\router.js:252:36)
    at async DevServer.run (D:\Project_Practice\Foody\foody\node_modules\next\dist\server\base-server.js:381:29)
    at async DevServer.run (D:\Project_Practice\Foody\foody\node_modules\next\dist\server\dev\next-dev-server.js:724:20)
    at async DevServer.handleRequest (D:\Project_Practice\Foody\foody\node_modules\next\dist\server\base-server.js:319:20)
2023-02-06 10:29:10 [development] error: UnauthorizedError: You are not authorized to view this page.
    at Object.getOrders [as get] (webpack-internal:///(api)/./pages/api/customer/private/orders/[id].js:36:69)
    at processTicksAndRejections (node:internal/process/task_queues:96:5)
    at async eval (webpack-internal:///(api)/./utils/api/api-handler.js:36:13)
    at async Object.apiResolver (D:\Project_Practice\Foody\foody\node_modules\next\dist\server\api-utils\node.js:367:9)
    at async DevServer.runApi (D:\Project_Practice\Foody\foody\node_modules\next\dist\server\next-server.js:474:9)
    at async Object.fn (D:\Project_Practice\Foody\foody\node_modules\next\dist\server\next-server.js:736:37)
    at async Router.execute (D:\Project_Practice\Foody\foody\node_modules\next\dist\server\router.js:252:36)
    at async DevServer.run (D:\Project_Practice\Foody\foody\node_modules\next\dist\server\base-server.js:381:29)
    at async DevServer.run (D:\Project_Practice\Foody\foody\node_modules\next\dist\server\dev\next-dev-server.js:724:20)
    at async DevServer.handleRequest (D:\Project_Practice\Foody\foody\node_modules\next\dist\server\base-server.js:319:20)
2023-02-06 10:29:34 [development] info: Method:GET URL:/api/customer/public/products 
2023-02-06 10:30:00 [development] info: Method:GET URL:/api/customer/private/orders/63921a0334657d1b06dad057 
2023-02-06 10:30:01 [development] error: UnauthorizedError: You are not authorized to view this page.
    at Object.getOrders [as get] (webpack-internal:///(api)/./pages/api/customer/private/orders/[id].js:36:69)
    at runMicrotasks (<anonymous>)
    at processTicksAndRejections (node:internal/process/task_queues:96:5)
    at async eval (webpack-internal:///(api)/./utils/api/api-handler.js:36:13)
    at async Object.apiResolver (D:\Project_Practice\Foody\foody\node_modules\next\dist\server\api-utils\node.js:367:9)
    at async DevServer.runApi (D:\Project_Practice\Foody\foody\node_modules\next\dist\server\next-server.js:474:9)
    at async Object.fn (D:\Project_Practice\Foody\foody\node_modules\next\dist\server\next-server.js:736:37)
    at async Router.execute (D:\Project_Practice\Foody\foody\node_modules\next\dist\server\router.js:252:36)
    at async DevServer.run (D:\Project_Practice\Foody\foody\node_modules\next\dist\server\base-server.js:381:29)
    at async DevServer.run (D:\Project_Practice\Foody\foody\node_modules\next\dist\server\dev\next-dev-server.js:724:20)
2023-02-06 10:30:42 [development] info: Method:GET URL:/api/customer/private/orders/63921a0334657d1b06dad057 
2023-02-06 10:30:42 [development] error: UnauthorizedError: You are not authorized to view this page.
    at Object.getOrders [as get] (webpack-internal:///(api)/./pages/api/customer/private/orders/[id].js:36:69)
    at runMicrotasks (<anonymous>)
    at processTicksAndRejections (node:internal/process/task_queues:96:5)
    at async eval (webpack-internal:///(api)/./utils/api/api-handler.js:36:13)
    at async Object.apiResolver (D:\Project_Practice\Foody\foody\node_modules\next\dist\server\api-utils\node.js:367:9)
    at async DevServer.runApi (D:\Project_Practice\Foody\foody\node_modules\next\dist\server\next-server.js:474:9)
    at async Object.fn (D:\Project_Practice\Foody\foody\node_modules\next\dist\server\next-server.js:736:37)
    at async Router.execute (D:\Project_Practice\Foody\foody\node_modules\next\dist\server\router.js:252:36)
    at async DevServer.run (D:\Project_Practice\Foody\foody\node_modules\next\dist\server\base-server.js:381:29)
    at async DevServer.run (D:\Project_Practice\Foody\foody\node_modules\next\dist\server\dev\next-dev-server.js:724:20)
2023-02-06 10:37:57 [development] info: Method:GET URL:/api/customer/private/orders/63921a0334657d1b06dad057 
2023-02-06 10:37:58 [development] error: UnauthorizedError: You are not authorized to view this page.
    at Object.getOrders [as get] (webpack-internal:///(api)/./pages/api/customer/private/orders/[id].js:37:69)
    at runMicrotasks (<anonymous>)
    at processTicksAndRejections (node:internal/process/task_queues:96:5)
    at async eval (webpack-internal:///(api)/./utils/api/api-handler.js:36:13)
    at async Object.apiResolver (D:\Project_Practice\Foody\foody\node_modules\next\dist\server\api-utils\node.js:367:9)
    at async DevServer.runApi (D:\Project_Practice\Foody\foody\node_modules\next\dist\server\next-server.js:474:9)
    at async Object.fn (D:\Project_Practice\Foody\foody\node_modules\next\dist\server\next-server.js:736:37)
    at async Router.execute (D:\Project_Practice\Foody\foody\node_modules\next\dist\server\router.js:252:36)
    at async DevServer.run (D:\Project_Practice\Foody\foody\node_modules\next\dist\server\base-server.js:381:29)
    at async DevServer.run (D:\Project_Practice\Foody\foody\node_modules\next\dist\server\dev\next-dev-server.js:724:20)
2023-02-06 10:38:26 [development] info: Method:GET URL:/api/customer/private/orders/63921a0334657d1b06dad057 
2023-02-06 10:38:26 [development] error: UnauthorizedError: You are not authorized to view this page.
    at Object.getOrders [as get] (webpack-internal:///(api)/./pages/api/customer/private/orders/[id].js:37:69)
    at runMicrotasks (<anonymous>)
    at processTicksAndRejections (node:internal/process/task_queues:96:5)
    at async eval (webpack-internal:///(api)/./utils/api/api-handler.js:36:13)
    at async Object.apiResolver (D:\Project_Practice\Foody\foody\node_modules\next\dist\server\api-utils\node.js:367:9)
    at async DevServer.runApi (D:\Project_Practice\Foody\foody\node_modules\next\dist\server\next-server.js:474:9)
    at async Object.fn (D:\Project_Practice\Foody\foody\node_modules\next\dist\server\next-server.js:736:37)
    at async Router.execute (D:\Project_Practice\Foody\foody\node_modules\next\dist\server\router.js:252:36)
    at async DevServer.run (D:\Project_Practice\Foody\foody\node_modules\next\dist\server\base-server.js:381:29)
    at async DevServer.run (D:\Project_Practice\Foody\foody\node_modules\next\dist\server\dev\next-dev-server.js:724:20)
2023-02-06 10:39:33 [development] info: Method:GET URL:/api/customer/private/orders/63921a0334657d1b06dad057 
2023-02-06 10:39:34 [development] error: UnauthorizedError: You are not authorized to view this page.
    at Object.getOrders [as get] (webpack-internal:///(api)/./pages/api/customer/private/orders/[id].js:38:69)
    at runMicrotasks (<anonymous>)
    at processTicksAndRejections (node:internal/process/task_queues:96:5)
    at async eval (webpack-internal:///(api)/./utils/api/api-handler.js:36:13)
    at async Object.apiResolver (D:\Project_Practice\Foody\foody\node_modules\next\dist\server\api-utils\node.js:367:9)
    at async DevServer.runApi (D:\Project_Practice\Foody\foody\node_modules\next\dist\server\next-server.js:474:9)
    at async Object.fn (D:\Project_Practice\Foody\foody\node_modules\next\dist\server\next-server.js:736:37)
    at async Router.execute (D:\Project_Practice\Foody\foody\node_modules\next\dist\server\router.js:252:36)
    at async DevServer.run (D:\Project_Practice\Foody\foody\node_modules\next\dist\server\base-server.js:381:29)
    at async DevServer.run (D:\Project_Practice\Foody\foody\node_modules\next\dist\server\dev\next-dev-server.js:724:20)
2023-02-06 10:40:30 [development] info: Method:GET URL:/api/customer/private/orders/63921a0334657d1b06dad057 
2023-02-06 10:40:30 [development] error: UnauthorizedError: You are not authorized to view this page.
    at Object.getOrders [as get] (webpack-internal:///(api)/./pages/api/customer/private/orders/[id].js:39:69)
    at processTicksAndRejections (node:internal/process/task_queues:96:5)
    at async eval (webpack-internal:///(api)/./utils/api/api-handler.js:36:13)
    at async Object.apiResolver (D:\Project_Practice\Foody\foody\node_modules\next\dist\server\api-utils\node.js:367:9)
    at async DevServer.runApi (D:\Project_Practice\Foody\foody\node_modules\next\dist\server\next-server.js:474:9)
    at async Object.fn (D:\Project_Practice\Foody\foody\node_modules\next\dist\server\next-server.js:736:37)
    at async Router.execute (D:\Project_Practice\Foody\foody\node_modules\next\dist\server\router.js:252:36)
    at async DevServer.run (D:\Project_Practice\Foody\foody\node_modules\next\dist\server\base-server.js:381:29)
    at async DevServer.run (D:\Project_Practice\Foody\foody\node_modules\next\dist\server\dev\next-dev-server.js:724:20)
    at async DevServer.handleRequest (D:\Project_Practice\Foody\foody\node_modules\next\dist\server\base-server.js:319:20)
2023-02-06 10:41:00 [development] info: Method:GET URL:/api/customer/public/products 
2023-02-06 10:41:13 [development] info: Method:GET URL:/api/customer/public/products 
2023-02-06 10:41:18 [development] info: Method:GET URL:/api/customer/private/orders/63921a0334657d1b06dad057 
2023-02-06 10:41:18 [development] error: UnauthorizedError: You are not authorized to view this page.
    at Object.getOrders [as get] (webpack-internal:///(api)/./pages/api/customer/private/orders/[id].js:39:69)
    at runMicrotasks (<anonymous>)
    at processTicksAndRejections (node:internal/process/task_queues:96:5)
    at async eval (webpack-internal:///(api)/./utils/api/api-handler.js:36:13)
    at async Object.apiResolver (D:\Project_Practice\Foody\foody\node_modules\next\dist\server\api-utils\node.js:367:9)
    at async DevServer.runApi (D:\Project_Practice\Foody\foody\node_modules\next\dist\server\next-server.js:474:9)
    at async Object.fn (D:\Project_Practice\Foody\foody\node_modules\next\dist\server\next-server.js:736:37)
    at async Router.execute (D:\Project_Practice\Foody\foody\node_modules\next\dist\server\router.js:252:36)
    at async DevServer.run (D:\Project_Practice\Foody\foody\node_modules\next\dist\server\base-server.js:381:29)
    at async DevServer.run (D:\Project_Practice\Foody\foody\node_modules\next\dist\server\dev\next-dev-server.js:724:20)
2023-02-06 10:42:31 [development] info: Method:GET URL:/api/customer/private/orders/63921a0334657d1b06dad057 
2023-02-06 10:42:31 [development] error: UnauthorizedError: You are not authorized to view this page.
    at Object.getOrders [as get] (webpack-internal:///(api)/./pages/api/customer/private/orders/[id].js:40:69)
    at processTicksAndRejections (node:internal/process/task_queues:96:5)
    at async eval (webpack-internal:///(api)/./utils/api/api-handler.js:36:13)
    at async Object.apiResolver (D:\Project_Practice\Foody\foody\node_modules\next\dist\server\api-utils\node.js:367:9)
    at async DevServer.runApi (D:\Project_Practice\Foody\foody\node_modules\next\dist\server\next-server.js:474:9)
    at async Object.fn (D:\Project_Practice\Foody\foody\node_modules\next\dist\server\next-server.js:736:37)
    at async Router.execute (D:\Project_Practice\Foody\foody\node_modules\next\dist\server\router.js:252:36)
    at async DevServer.run (D:\Project_Practice\Foody\foody\node_modules\next\dist\server\base-server.js:381:29)
    at async DevServer.run (D:\Project_Practice\Foody\foody\node_modules\next\dist\server\dev\next-dev-server.js:724:20)
    at async DevServer.handleRequest (D:\Project_Practice\Foody\foody\node_modules\next\dist\server\base-server.js:319:20)
2023-02-06 10:43:15 [development] info: Method:GET URL:/api/customer/private/orders/63921a0334657d1b06dad057 
2023-02-06 10:43:15 [development] error: UnauthorizedError: You are not authorized to view this page.
    at Object.getOrders [as get] (webpack-internal:///(api)/./pages/api/customer/private/orders/[id].js:40:69)
    at runMicrotasks (<anonymous>)
    at processTicksAndRejections (node:internal/process/task_queues:96:5)
    at async eval (webpack-internal:///(api)/./utils/api/api-handler.js:36:13)
    at async Object.apiResolver (D:\Project_Practice\Foody\foody\node_modules\next\dist\server\api-utils\node.js:367:9)
    at async DevServer.runApi (D:\Project_Practice\Foody\foody\node_modules\next\dist\server\next-server.js:474:9)
    at async Object.fn (D:\Project_Practice\Foody\foody\node_modules\next\dist\server\next-server.js:736:37)
    at async Router.execute (D:\Project_Practice\Foody\foody\node_modules\next\dist\server\router.js:252:36)
    at async DevServer.run (D:\Project_Practice\Foody\foody\node_modules\next\dist\server\base-server.js:381:29)
    at async DevServer.run (D:\Project_Practice\Foody\foody\node_modules\next\dist\server\dev\next-dev-server.js:724:20)
2023-02-06 10:46:55 [development] info: Method:GET URL:/api/admin/dashboard 
2023-02-06 10:46:55 [development] error: UnauthorizedError: jwt expired
    at new UnauthorizedError (D:\Project_Practice\Foody\foody\node_modules\express-jwt\dist\errors\UnauthorizedError.js:22:28)
    at D:\Project_Practice\Foody\foody\node_modules\express-jwt\dist\index.js:133:35
    at step (D:\Project_Practice\Foody\foody\node_modules\express-jwt\dist\index.js:33:23)
    at Object.next (D:\Project_Practice\Foody\foody\node_modules\express-jwt\dist\index.js:14:53)
    at fulfilled (D:\Project_Practice\Foody\foody\node_modules\express-jwt\dist\index.js:5:58)
    at runMicrotasks (<anonymous>)
    at processTicksAndRejections (node:internal/process/task_queues:96:5)
2023-02-06 10:46:57 [development] info: Method:GET URL:/api/auth/refresh 
2023-02-06 10:46:57 [development] info: Method:GET URL:/api/admin/dashboard 
2023-02-06 10:47:09 [development] info: Method:GET URL:/api/customer/public/products 
2023-02-06 10:49:19 [development] info: Method:GET URL:/api/customer/private/orders/63921a0334657d1b06dad057 
2023-02-06 10:49:25 [development] info: Method:POST URL:/api/customer/private/orders/order 
2023-02-06 10:52:12 [development] info: Method:POST URL:/api/customer/private/orders/order 
2023-02-06 10:52:12 [development] info: Method:POST URL:/api/customer/private/orders/order 
2023-02-06 10:52:12 [development] info: Method:POST URL:/api/customer/private/orders/order 
2023-02-06 10:54:27 [development] info: Method:GET URL:/api/customer/public/products 
2023-02-06 10:58:15 [development] info: Method:GET URL:/api/customer/private/orders/63921a0334657d1b06dad057 
2023-02-06 10:59:01 [development] info: Method:GET URL:/api/customer/public/products 
2023-02-06 10:59:07 [development] info: Method:GET URL:/api/customer/private/orders/63921a0334657d1b06dad057 
2023-02-06 10:59:09 [development] info: Method:POST URL:/api/customer/private/orders/order 
2023-02-06 10:59:12 [development] info: Method:GET URL:/api/customer/public/products 
2023-02-06 11:11:59 [development] info: Method:GET URL:/api/customer/private/products/6378e55f897c3227275b6d2e 
2023-02-06 11:11:59 [development] info: Method:GET URL:/api/customer/private/products/6378e55f897c3227275b6d2e 
2023-02-06 11:12:07 [development] info: Method:GET URL:/api/customer/public/products 
2023-02-06 11:12:28 [development] info: Method:GET URL:/api/customer/private/orders/63921a0334657d1b06dad057 
2023-02-06 11:12:33 [development] info: Method:POST URL:/api/customer/private/orders/order 
2023-02-06 11:12:36 [development] info: Method:GET URL:/api/customer/public/products 
2023-02-06 12:51:46 [development] info: Method:GET URL:/api/customer/public/products 
2023-02-06 12:51:47 [development] info: Method:GET URL:/api/customer/public/products 
2023-02-06 12:51:47 [development] info: Method:GET URL:/api/customer/public/products 
2023-02-06 12:51:47 [development] info: Method:GET URL:/api/customer/public/products 
2023-02-06 12:52:26 [development] info: Method:GET URL:/api/customer/public/products 
2023-02-06 12:52:26 [development] info: Method:GET URL:/api/customer/public/products 
2023-02-06 12:52:26 [development] info: Method:GET URL:/api/customer/public/products 
2023-02-06 12:52:45 [development] info: Method:GET URL:/api/customer/public/products 
2023-02-06 12:53:55 [development] info: Method:GET URL:/api/customer/public/products 
2023-02-06 12:53:55 [development] info: Method:GET URL:/api/customer/public/products 
2023-02-06 12:53:55 [development] info: Method:GET URL:/api/customer/public/products 
2023-02-06 12:54:22 [development] info: Method:GET URL:/api/customer/public/products 
2023-02-06 12:54:23 [development] info: Method:GET URL:/api/customer/public/products 
2023-02-06 12:54:23 [development] info: Method:GET URL:/api/customer/public/products 
2023-02-06 12:55:34 [development] info: Method:GET URL:/api/customer/public/products 
2023-02-06 12:55:34 [development] info: Method:GET URL:/api/customer/public/products 
2023-02-06 12:55:34 [development] info: Method:GET URL:/api/customer/public/products 
2023-02-06 12:56:24 [development] info: Method:GET URL:/api/customer/public/products 
2023-02-06 12:57:17 [development] info: Method:GET URL:/api/customer/public/products 
2023-02-06 12:57:17 [development] info: Method:GET URL:/api/customer/public/products 
2023-02-06 12:57:17 [development] info: Method:GET URL:/api/customer/public/products 
2023-02-06 12:57:31 [development] info: Method:GET URL:/api/customer/public/products 
2023-02-06 12:57:31 [development] info: Method:GET URL:/api/customer/public/products 
2023-02-06 13:09:25 [development] info: Method:GET URL:/api/customer/public/products 
2023-02-06 13:09:25 [development] info: Method:GET URL:/api/customer/public/products 
2023-02-06 13:09:25 [development] info: Method:GET URL:/api/customer/public/products 
